Arguments: 
  /usr/bin/node /usr/local/bin/yarn add adonis-acl@1.1.1

PATH: 
  /usr/local/sbin:/usr/local/bin:/usr/sbin:/usr/bin:/sbin:/bin:/usr/games:/usr/local/games:/snap/bin

Yarn version: 
  1.21.1

Node version: 
  8.10.0

Platform: 
  linux x64

Trace: 
  Error: EACCES: permission denied, rmdir '/home/thiago/Downloads/backend/node_modules/eslint-plugin-node/node_modules/.bin'

npm manifest: 
  {
    "name": "adonis-api-app",
    "version": "4.1.0",
    "adonis-version": "4.1.0",
    "description": "Adonisjs boilerplate for API server with pre-configured JWT",
    "main": "index.js",
    "scripts": {
      "start": "node server.js",
      "test": "node ace test"
    },
    "keywords": [
      "adonisjs",
      "adonis-app"
    ],
    "author": "",
    "license": "UNLICENSED",
    "private": true,
    "dependencies": {
      "@adonisjs/ace": "^5.0.8",
      "@adonisjs/auth": "^3.0.7",
      "@adonisjs/bodyparser": "^2.0.5",
      "@adonisjs/cors": "^1.0.7",
      "@adonisjs/fold": "^4.0.9",
      "@adonisjs/framework": "^5.0.9",
      "@adonisjs/ignitor": "^2.0.8",
      "@adonisjs/lucid": "^6.1.3",
      "@adonisjs/lucid-slugify": "^1.0.3",
      "@adonisjs/mail": "^3.0.10",
      "@adonisjs/redis": "^2.0.7",
      "@adonisjs/validator": "^5.0.6",
      "adonis-acl": "^1.1.1",
      "adonis-kue": "^5.0.0",
      "bluebird": "^3.7.1",
      "pg": "^7.12.1"
    },
    "devDependencies": {
      "eslint": "^6.3.0",
      "eslint-config-standard": "^14.1.0",
      "eslint-plugin-import": "^2.18.2",
      "eslint-plugin-node": "^9.2.0",
      "eslint-plugin-promise": "^4.2.1",
      "eslint-plugin-react": "^7.14.3",
      "eslint-plugin-standard": "^4.0.1"
    },
    "autoload": {
      "App": "./app"
    }
  }

yarn manifest: 
  No manifest

Lockfile: 
  No lockfile
